\BOOKMARK [0][]{chapter*.2}{List of Figures}{}% 1
\BOOKMARK [0][]{chapter*.3}{List of Tables}{}% 2
\BOOKMARK [0][]{chapter.1}{1 Introducción}{}% 3
\BOOKMARK [1][]{section.1.1}{1.1 Antecedentes de la investigación}{chapter.1}% 4
\BOOKMARK [1][]{section.1.2}{1.2 Problema de investigación}{chapter.1}% 5
\BOOKMARK [1][]{section.1.3}{1.3 Objetivos de investigación}{chapter.1}% 6
\BOOKMARK [2][]{subsection.1.3.1}{1.3.1 Objetivo general}{section.1.3}% 7
\BOOKMARK [2][]{subsection.1.3.2}{1.3.2 Objetivos específicos}{section.1.3}% 8
\BOOKMARK [1][]{section.1.4}{1.4 Hipótesis de investigación}{chapter.1}% 9
\BOOKMARK [2][]{subsection.1.4.1}{1.4.1 Hipótesis general}{section.1.4}% 10
\BOOKMARK [2][]{subsection.1.4.2}{1.4.2 Hipótesis específicas}{section.1.4}% 11
\BOOKMARK [1][]{section.1.5}{1.5 Justificación de la investigación}{chapter.1}% 12
\BOOKMARK [1][]{section.1.6}{1.6 Metodología}{chapter.1}% 13
\BOOKMARK [1][]{section.1.7}{1.7 Definición de variables}{chapter.1}% 14
\BOOKMARK [1][]{section.1.8}{1.8 Delimitación del alcance}{chapter.1}% 15
\BOOKMARK [0][]{chapter.2}{2 Aims of the project}{}% 16
\BOOKMARK [1][]{section.2.1}{2.1 Final aim}{chapter.2}% 17
\BOOKMARK [1][]{section.2.2}{2.2 Preliminary aims}{chapter.2}% 18
\BOOKMARK [0][]{chapter.3}{3 Discussion}{}% 19
\BOOKMARK [0][]{chapter.4}{4 Materials \046 methods}{}% 20
